#
# There is insufficient memory for the Java Runtime Environment to continue.
# Native memory allocation (mmap) failed to map 335544320 bytes for G1 virtual space
# Possible reasons:
#   The system is out of physical RAM or swap space
#   The process is running with CompressedOops enabled, and the Java Heap may be blocking the growth of the native heap
# Possible solutions:
#   Reduce memory load on the system
#   Increase physical memory or swap space
#   Check if swap backing store is full
#   Decrease Java heap size (-Xmx/-Xms)
#   Decrease number of Java threads
#   Decrease Java thread stack sizes (-Xss)
#   Set larger code cache with -XX:ReservedCodeCacheSize=
#   JVM is running with Zero Based Compressed Oops mode in which the Java heap is
#     placed in the first 32GB address space. The Java Heap base address is the
#     maximum limit for the native heap growth. Please use -XX:HeapBaseMinAddress
#     to set the Java Heap base and to place the Java Heap above 32GB virtual address.
# This output file may be truncated or incomplete.
#
#  Out of Memory Error (os_windows.cpp:3548), pid=7600, tid=11324
#
# JRE version:  (17.0.12+8) (build )
# Java VM: Java HotSpot(TM) 64-Bit Server VM (17.0.12+8-LTS-286, mixed mode, emulated-client, sharing, tiered, compressed oops, compressed class ptrs, g1 gc, windows-amd64)
# No core dump will be written. Minidumps are not enabled by default on client versions of Windows
#

---------------  S U M M A R Y ------------

Command Line: -Dcool.request.port=61773 -Dcool.request.hook.sql=false -javaagent:C:\Users\Trung\.config\.cool-request\request\lib\cool-request-agent.jar -XX:TieredStopAtLevel=1 -Dspring.output.ansi.enabled=always -Dcom.sun.management.jmxremote -Dspring.jmx.enabled=true -Dspring.liveBeansView.mbeanDomain -Dspring.application.admin.enabled=true -Dmanagement.endpoints.jmx.exposure.include=* -javaagent:C:\Program Files\JetBrains\IntelliJ IDEA 2025.3.5\lib\idea_rt.jar=64693 -Dfile.encoding=UTF-8 com.example.notificationservice.NotificationServiceApplication

Host: 11th Gen Intel(R) Core(TM) i5-1135G7 @ 2.40GHz, 8 cores, 19G,  Windows 11 , 64 bit Build 26100 (10.0.26100.4768)
Time: Tue May 12 10:49:37 2026 SE Asia Standard Time elapsed time: 2.039199 seconds (0d 0h 0m 2s)

---------------  T H R E A D  ---------------

Current thread (0x000001e8f5643b50):  JavaThread "Unknown thread" [_thread_in_vm, id=11324, stack(0x00000059b5000000,0x00000059b5100000)]

Stack: [0x00000059b5000000,0x00000059b5100000]
Native frames: (J=compiled Java code, j=interpreted, Vv=VM code, C=native code)
V  [jvm.dll+0x67a04a]
V  [jvm.dll+0x7da4ed]
V  [jvm.dll+0x7dbe33]
V  [jvm.dll+0x7dc4a3]
V  [jvm.dll+0x24508f]
V  [jvm.dll+0x677089]
V  [jvm.dll+0x66bd32]
V  [jvm.dll+0x301fa6]
V  [jvm.dll+0x309546]
V  [jvm.dll+0x359d2e]
V  [jvm.dll+0x359f5f]
V  [jvm.dll+0x2d9078]
V  [jvm.dll+0x2d9fe4]
V  [jvm.dll+0x7aca21]
V  [jvm.dll+0x367591]
V  [jvm.dll+0x78b999]
V  [jvm.dll+0x3ec83f]
V  [jvm.dll+0x3ee471]
C  [jli.dll+0x5297]
C  [ucrtbase.dll+0x37b0]
C  [KERNEL32.DLL+0x2e8d7]
C  [ntdll.dll+0x3c34c]


---------------  P R O C E S S  ---------------

Threads class SMR info:
_java_thread_list=0x00007ff9fe507a18, length=0, elements={
}

Java Threads: ( => current thread )

Other Threads:
  0x000001e8f56bb9d0 GCTaskThread "GC Thread#0" [stack: 0x00000059b5100000,0x00000059b5200000] [id=16180]
  0x000001e8f56c6680 ConcurrentGCThread "G1 Main Marker" [stack: 0x00000059b5200000,0x00000059b5300000] [id=2536]
  0x000001e8f56c7c70 ConcurrentGCThread "G1 Conc#0" [stack: 0x00000059b5300000,0x00000059b5400000] [id=18000]

[error occurred during error reporting (printing all threads), id 0xc0000005, EXCEPTION_ACCESS_VIOLATION (0xc0000005) at pc=0x00007ff9fdd39b67]

VM state: not at safepoint (not fully initialized)

VM Mutex/Monitor currently owned by a thread:  ([mutex/lock_event])
[0x000001e8f5640090] Heap_lock - owner thread: 0x000001e8f5643b50

Heap address: 0x00000006c3400000, size: 5068 MB, Compressed Oops mode: Zero based, Oop shift amount: 3

CDS archive(s) mapped at: [0x0000000000000000-0x0000000000000000-0x0000000000000000), size 0, SharedBaseAddress: 0x0000000800000000, ArchiveRelocationMode: 1.
Narrow klass base: 0x0000000000000000, Narrow klass shift: 0, Narrow klass range: 0x0

GC Precious Log:
<Empty>

Heap:
 garbage-first heap   total 0K, used 0K [0x00000006c3400000, 0x0000000800000000)
  region size 4096K, 0 young (0K), 0 survivors (0K)

[error occurred during error reporting (printing heap information), id 0xc0000005, EXCEPTION_ACCESS_VIOLATION (0xc0000005) at pc=0x00007ff9fe123859]

GC Heap History (0 events):
No events

Deoptimization events (0 events):
No events

Classes unloaded (0 events):
No events

Classes redefined (0 events):
No events

Internal exceptions (0 events):
No events

VM Operations (0 events):
No events

Events (1 events):
Event: 0.011 Loaded shared library C:\Program Files\Java\jdk-17\bin\java.dll


Dynamic libraries:
0x00007ff785c90000 - 0x00007ff785ca0000 	C:\Program Files\Java\jdk-17\bin\java.exe
0x00007ffa89ae0000 - 0x00007ffa89d47000 	C:\WINDOWS\SYSTEM32\ntdll.dll
0x00007ffa884c0000 - 0x00007ffa88589000 	C:\WINDOWS\System32\KERNEL32.DLL
0x00007ffa871e0000 - 0x00007ffa875d0000 	C:\WINDOWS\System32\KERNELBASE.dll
0x00007ffa87720000 - 0x00007ffa8786b000 	C:\WINDOWS\System32\ucrtbase.dll
0x00007ffa749f0000 - 0x00007ffa74a09000 	C:\Program Files\Java\jdk-17\bin\jli.dll
0x00007ffa889d0000 - 0x00007ffa88a84000 	C:\WINDOWS\System32\ADVAPI32.dll
0x00007ffa88d40000 - 0x00007ffa88de9000 	C:\WINDOWS\System32\msvcrt.dll
0x00007ffa76850000 - 0x00007ffa7686b000 	C:\Program Files\Java\jdk-17\bin\VCRUNTIME140.dll
0x00007ffa87980000 - 0x00007ffa87a26000 	C:\WINDOWS\System32\sechost.dll
0x00007ffa87ac0000 - 0x00007ffa87bd8000 	C:\WINDOWS\System32\RPCRT4.dll
0x00007ffa898c0000 - 0x00007ffa89a85000 	C:\WINDOWS\System32\USER32.dll
0x00007ffa86ee0000 - 0x00007ffa86f07000 	C:\WINDOWS\System32\win32u.dll
0x00007ffa6df30000 - 0x00007ffa6e1ca000 	C:\WINDOWS\WinSxS\amd64_microsoft.windows.common-controls_6595b64144ccf1df_6.0.26100.4768_none_3e0c112ce331287c\COMCTL32.dll
0x00007ffa88690000 - 0x00007ffa886bb000 	C:\WINDOWS\System32\GDI32.dll
0x00007ffa875e0000 - 0x00007ffa87718000 	C:\WINDOWS\System32\gdi32full.dll
0x00007ffa86f10000 - 0x00007ffa86fb3000 	C:\WINDOWS\System32\msvcp_win.dll
0x00007ffa74f20000 - 0x00007ffa74f2b000 	C:\WINDOWS\SYSTEM32\VERSION.dll
0x00007ffa89280000 - 0x00007ffa892af000 	C:\WINDOWS\System32\IMM32.DLL
0x00007ffa834c0000 - 0x00007ffa834cc000 	C:\Program Files\Java\jdk-17\bin\vcruntime140_1.dll
0x00007ffa74960000 - 0x00007ffa749ee000 	C:\Program Files\Java\jdk-17\bin\msvcp140.dll
0x00007ff9fda50000 - 0x00007ff9fe630000 	C:\Program Files\Java\jdk-17\bin\server\jvm.dll
0x00007ffa87870000 - 0x00007ffa87878000 	C:\WINDOWS\System32\PSAPI.DLL
0x00007ffa769a0000 - 0x00007ffa769aa000 	C:\WINDOWS\SYSTEM32\WSOCK32.dll
0x00007ffa88440000 - 0x00007ffa884b4000 	C:\WINDOWS\System32\WS2_32.dll
0x00007ffa6c2a0000 - 0x00007ffa6c2d5000 	C:\WINDOWS\SYSTEM32\WINMM.dll
0x00007ffa85950000 - 0x00007ffa8596b000 	C:\WINDOWS\SYSTEM32\kernel.appcore.dll
0x00007ffa75c50000 - 0x00007ffa75c5a000 	C:\Program Files\Java\jdk-17\bin\jimage.dll
0x00007ffa84460000 - 0x00007ffa846a1000 	C:\WINDOWS\SYSTEM32\DBGHELP.DLL
0x00007ffa892c0000 - 0x00007ffa89645000 	C:\WINDOWS\System32\combase.dll
0x00007ffa88350000 - 0x00007ffa88430000 	C:\WINDOWS\System32\OLEAUT32.dll
0x00007ffa6afc0000 - 0x00007ffa6b003000 	C:\WINDOWS\SYSTEM32\dbgcore.DLL
0x00007ffa86fc0000 - 0x00007ffa87059000 	C:\WINDOWS\System32\bcryptPrimitives.dll
0x00007ffa752c0000 - 0x00007ffa752ce000 	C:\Program Files\Java\jdk-17\bin\instrument.dll
0x00007ffa6c940000 - 0x00007ffa6c965000 	C:\Program Files\Java\jdk-17\bin\java.dll

dbghelp: loaded successfully - version: 4.0.5 - missing functions: none
symbol engine: initialized successfully - sym options: 0x614 - pdb path: .;C:\Program Files\Java\jdk-17\bin;C:\WINDOWS\SYSTEM32;C:\WINDOWS\WinSxS\amd64_microsoft.windows.common-controls_6595b64144ccf1df_6.0.26100.4768_none_3e0c112ce331287c;C:\Program Files\Java\jdk-17\bin\server

VM Arguments:
jvm_args: -Dcool.request.port=61773 -Dcool.request.hook.sql=false -javaagent:C:\Users\Trung\.config\.cool-request\request\lib\cool-request-agent.jar -XX:TieredStopAtLevel=1 -Dspring.output.ansi.enabled=always -Dcom.sun.management.jmxremote -Dspring.jmx.enabled=true -Dspring.liveBeansView.mbeanDomain -Dspring.application.admin.enabled=true -Dmanagement.endpoints.jmx.exposure.include=* -javaagent:C:\Program Files\JetBrains\IntelliJ IDEA 2025.3.5\lib\idea_rt.jar=64693 -Dfile.encoding=UTF-8 
java_command: com.example.notificationservice.NotificationServiceApplication
java_class_path (initial): E:\Trung\RikkeiEdu\Microservices\Session10\notification-service\build\classes\java\main;E:\Trung\RikkeiEdu\Microservices\Session10\notification-service\build\resources\main;C:\Users\Trung\.gradle\caches\modules-2\files-2.1\org.projectlombok\lombok\1.18.46\a5cfe99fdf320e84955ef653f2ce1bf789d11385\lombok-1.18.46.jar;C:\Users\Trung\.gradle\caches\modules-2\files-2.1\org.springframework.boot\spring-boot-starter-kafka\4.0.6\c4e22ed4bbf5009de143f7949ffee843d8819d4c\spring-boot-starter-kafka-4.0.6.jar;C:\Users\Trung\.gradle\caches\modules-2\files-2.1\org.springframework.boot\spring-boot-starter-mail\4.0.6\4fe4bd5d867be3e3b29d6ccb5ccbcdc2b76170a3\spring-boot-starter-mail-4.0.6.jar;C:\Users\Trung\.gradle\caches\modules-2\files-2.1\org.springframework.boot\spring-boot-starter-webmvc\4.0.6\a7ac55e4eb7cf4d2931557135f90870003641290\spring-boot-starter-webmvc-4.0.6.jar;C:\Users\Trung\.gradle\caches\modules-2\files-2.1\org.springframework.cloud\spring-cloud-starter-netflix-eureka-client\5.0.1\a3ebe8fe34e1b4fa97d9f605ca82f13cee9d4cc9\spring-cloud-starter-netflix-eureka-client-5.0.1.jar;C:\Users\Trung\.gradle\caches\modules-2\files-2.1\org.springframework.boot\spring-boot-starter\4.0.6\589f058443a5ca53cf38253fa05aa69dd0e87e0e\spring-boot-starter-4.0.6.jar;C:\Users\Trung\.gradle\caches\modules-2\files-2.1\org.springframework.boot\spring-boot-kafka\4.0.6\737ca96be983f426c98ec2343b27e1a469cf81ca\spring-boot-kafka-4.0.6.jar;C:\Users\Trung\.gradle\caches\modules-2\files-2.1\org.springframework.boot\spring-boot-mail\4.0.6\66e859dd1827de6def1c54c30012b4ae30801f24\spring-boot-mail-4.0.6.jar;C:\Users\Trung\.gradle\caches\modules-2\files-2.1\org.springframework.boot\spring-boot-starter-jackson\4.0.6\38895733cded8ac4007d7ee028e3bf1f718514f1\spring-boot-starter-jackson-4.0.6.jar;C:\Users\Trung\.gradle\caches\modules-2\files-2.1\org.springframework.boot\spring-boot-starter-tomcat\4.0.6\b646e4b063dacdf5079efcfa685c4a8803ff4ac1\spring-boot-starter-tomcat-4.0.6.jar;C:\U
Launcher Type: SUN_STANDARD

[Global flags]
     intx CICompilerCount                          = 4                                         {product} {ergonomic}
     uint ConcGCThreads                            = 2                                         {product} {ergonomic}
     uint G1ConcRefinementThreads                  = 8                                         {product} {ergonomic}
   size_t G1HeapRegionSize                         = 4194304                                   {product} {ergonomic}
    uintx GCDrainStackTargetSize                   = 64                                        {product} {ergonomic}
   size_t InitialHeapSize                          = 335544320                                 {product} {ergonomic}
     bool ManagementServer                         = true                                      {product} {command line}
   size_t MarkStackSize                            = 4194304                                   {product} {ergonomic}
   size_t MaxHeapSize                              = 5314183168                                {product} {ergonomic}
   size_t MinHeapDeltaBytes                        = 4194304                                   {product} {ergonomic}
   size_t MinHeapSize                              = 8388608                                   {product} {ergonomic}
    uintx NonProfiledCodeHeapSize                  = 0                                      {pd product} {ergonomic}
     bool ProfileInterpreter                       = false                                  {pd product} {command line}
    uintx ProfiledCodeHeapSize                     = 0                                      {pd product} {ergonomic}
   size_t SoftMaxHeapSize                          = 5314183168                             {manageable} {ergonomic}
     intx TieredStopAtLevel                        = 1                                         {product} {command line}
     bool UseCompressedClassPointers               = true                           {product lp64_product} {ergonomic}
     bool UseCompressedOops                        = true                           {product lp64_product} {ergonomic}
     bool UseG1GC                                  = true                                      {product} {ergonomic}
     bool UseLargePagesIndividualAllocation        = false                                  {pd product} {ergonomic}

Logging:
Log output configuration:
 #0: stdout all=warning uptime,level,tags
 #1: stderr all=off uptime,level,tags

Environment Variables:
JAVA_HOME=C:\Program Files\Java\jdk-17
PATH=C:\Python312\Scripts\;C:\Python312\;C:\WINDOWS\system32;C:\WINDOWS;C:\WINDOWS\System32\Wbem;C:\WINDOWS\System32\WindowsPowerShell\v1.0\;C:\WINDOWS\System32\OpenSSH\;C:\Program Files\Java\jdk-17\bin;C:\Program Files\Common Files\Oracle\Java\javapath;C:\ProgramData\chocolatey\bin;C:\MinGW\bin;C:\xampp\php;C:\Program Files\apache-maven-3.9.9\bin;C:\Program Files\MySQL\MySQL Server 8.0\bin;C:\ProgramData\ComposerSetup\bin;D:\laragon\bin\php\php-8.3.16-Win32-vs16-x64;C:\Program Files\Git\cmd;C:\Users\Trung\AppData\Local\Android\Sdk\cmdline-tools\latest\cmdline-tools\latest\bin;C:\Users\Trung\AppData\Local\Android\Sdk\cmdline-tools\latest\platform-tools;C:\Users\Trung\.config\herd\bin\nvm;C:\Users\Trung\AppData\Local\Android\Sdk\platform-tools;C:\Users\Trung\AppData\Local\Android\Sdk\emulator;C:\Users\Trung\AppData\Local\Android\Sdk\cmdline-tools\latest\bin;C:\Program Files\ShellCheck;C:\Users\Trung\Downloads\dartsdk-windows-x64-release\dart-sdk;C:\Program Files\PostgreSQL\18\bin;C:\Program Files\dotnet\;C:\Program Files\Docker\Docker\resources\bin;C:\Program Files\nodejs\;D:\Trung\Code\Java\spring-boot-cli-3.3.6-bin\spring-3.3.6\bin;C:\Users\Trung\AppData\Local\Yarn\config\global\node_modules\.bin;C:\Users\Trung\AppData\Roaming\Composer\vendor\bin;D:\laragon\bin;D:\laragon\bin\apache\httpd-2.4.54-win64-VS16\bin;D:\laragon\bin\composer;D:\laragon\bin\git\bin;D:\laragon\bin\git\cmd;D:\laragon\bin\git\mingw64\bin;D:\laragon\bin\git\usr\bin;D:\laragon\bin\laragon\utils;D:\laragon\bin\mysql\mysql-8.0.30-winx64\bin;D:\laragon\bin\nginx\nginx-1.22.0;D:\laragon\bin\ngrok;D:\laragon\bin\nodejs\node-v18;D:\laragon\bin\notepad++;D:\laragon\bin\php\php-8.1.10-Win32-vs16-x64;D:\laragon\bin\python\python-3.10;D:\laragon\bin\python\python-3.10\Scripts;D:\laragon\bin\redis\redis-x64-5.0.14.1;D:\laragon\bin\telnet;D:\laragon\usr\bin;C:\Program Files\MySQL\MySQL Shell 8.0\bin\;C:\Users\Trung\AppData\Local\Microsoft\WindowsApps;C:\Users\Trung\AppData\Local\Programs\Microsoft VS Code\bin;
USERNAME=Trung
OS=Windows_NT
PROCESSOR_IDENTIFIER=Intel64 Family 6 Model 140 Stepping 1, GenuineIntel



---------------  S Y S T E M  ---------------

OS:
 Windows 11 , 64 bit Build 26100 (10.0.26100.4768)
OS uptime: 0 days 2:09 hours
Hyper-V role detected

CPU: total 8 (initial active 8) (4 cores per cpu, 2 threads per core) family 6 model 140 stepping 1 microcode 0x8a, cx8, cmov, fxsr, ht, mmx, 3dnowpref, sse, sse2, sse3, ssse3, sse4.1, sse4.2, popcnt, lzcnt, tsc, tscinvbit, avx, avx2, aes, erms, clmul, bmi1, bmi2, adx, avx512f, avx512dq, avx512cd, avx512bw, avx512vl, sha, fma, vzeroupper, avx512_vpopcntdq, avx512_vpclmulqdq, avx512_vaes, avx512_vnni, clflush, clflushopt, clwb, avx512_vbmi2, avx512_vbmi, hv

Memory: 4k page, system-wide physical 20259M (4046M free)
TotalPageFile size 20259M (AvailPageFile size 77M)
current process WorkingSet (physical memory assigned to process): 12M, peak: 12M
current process commit charge ("private bytes"): 55M, peak: 375M

vm_info: Java HotSpot(TM) 64-Bit Server VM (17.0.12+8-LTS-286) for windows-amd64 JRE (17.0.12+8-LTS-286), built on Jun  5 2024 06:46:59 by "mach5one" with MS VC++ 17.6 (VS2022)

END.
